#
# There is insufficient memory for the Java Runtime Environment to continue.
# Native memory allocation (mmap) failed to map 65536 bytes for Failed to commit metaspace.
# Possible reasons:
#   The system is out of physical RAM or swap space
#   The process is running with CompressedOops enabled, and the Java Heap may be blocking the growth of the native heap
# Possible solutions:
#   Reduce memory load on the system
#   Increase physical memory or swap space
#   Check if swap backing store is full
#   Decrease Java heap size (-Xmx/-Xms)
#   Decrease number of Java threads
#   Decrease Java thread stack sizes (-Xss)
#   Set larger code cache with -XX:ReservedCodeCacheSize=
#   JVM is running with Zero Based Compressed Oops mode in which the Java heap is
#     placed in the first 32GB address space. The Java Heap base address is the
#     maximum limit for the native heap growth. Please use -XX:HeapBaseMinAddress
#     to set the Java Heap base and to place the Java Heap above 32GB virtual address.
# This output file may be truncated or incomplete.
#
#  Out of Memory Error (virtualSpaceNode.cpp:110), pid=13040, tid=11444
#
# JRE version: Java(TM) SE Runtime Environment (19.0.1+10) (build 19.0.1+10-21)
# Java VM: Java HotSpot(TM) 64-Bit Server VM (19.0.1+10-21, mixed mode, sharing, tiered, compressed oops, compressed class ptrs, g1 gc, windows-amd64)
# No core dump will be written. Minidumps are not enabled by default on client versions of Windows
#

---------------  S U M M A R Y ------------

Command Line: -Dfile.encoding=utf8 c:\Users\Raul\.vscode\extensions\vscjava.vscode-gradle-3.12.6\lib\gradle-language-server.jar

Host: Intel(R) Core(TM) i7-4770 CPU @ 3.40GHz, 4 cores, 23G,  Windows 10 , 64 bit Build 19041 (10.0.19041.2546)
Time: Mon Feb 27 16:01:57 2023 Hora oficial do Brasil elapsed time: 0.831158 seconds (0d 0h 0m 0s)

---------------  T H R E A D  ---------------

Current thread (0x0000012a6a799d40):  JavaThread "main" [_thread_in_vm, id=11444, stack(0x000000013e600000,0x000000013e700000)]

Stack: [0x000000013e600000,0x000000013e700000]
Native frames: (J=compiled Java code, j=interpreted, Vv=VM code, C=native code)
V  [jvm.dll+0x6ee8fa]
V  [jvm.dll+0x857a1e]
V  [jvm.dll+0x85940e]
V  [jvm.dll+0x859ac3]
V  [jvm.dll+0x28291f]
V  [jvm.dll+0x85369b]
V  [jvm.dll+0x693276]
V  [jvm.dll+0x1f29b7]
V  [jvm.dll+0x695cb2]
V  [jvm.dll+0x695a9e]
V  [jvm.dll+0x693c9e]
V  [jvm.dll+0x3c500f]
V  [jvm.dll+0x21608b]
V  [jvm.dll+0x5aa300]
V  [jvm.dll+0x7cd948]
V  [jvm.dll+0x7cd86a]
V  [jvm.dll+0x46b72d]
V  [jvm.dll+0x47d90d]
C  [java.dll+0x1657]

Java frames: (J=compiled Java code, j=interpreted, Vv=VM code)
j  java.lang.ClassLoader.defineClass0(Ljava/lang/ClassLoader;Ljava/lang/Class;Ljava/lang/String;[BIILjava/security/ProtectionDomain;ZILjava/lang/Object;)Ljava/lang/Class;+0 java.base@19.0.1
j  java.lang.System$2.defineClass(Ljava/lang/ClassLoader;Ljava/lang/Class;Ljava/lang/String;[BLjava/security/ProtectionDomain;ZILjava/lang/Object;)Ljava/lang/Class;+17 java.base@19.0.1
j  java.lang.invoke.MethodHandles$Lookup$ClassDefiner.defineClass(ZLjava/lang/Object;)Ljava/lang/Class;+54 java.base@19.0.1
j  java.lang.invoke.InvokerBytecodeGenerator.loadMethod([B)Ljava/lang/invoke/MemberName;+19 java.base@19.0.1
j  java.lang.invoke.InvokerBytecodeGenerator.generateCustomizedCode(Ljava/lang/invoke/LambdaForm;Ljava/lang/invoke/MethodType;)Ljava/lang/invoke/MemberName;+30 java.base@19.0.1
j  java.lang.invoke.LambdaForm.compileToBytecode()V+69 java.base@19.0.1
j  java.lang.invoke.LambdaForm.prepare()V+21 java.base@19.0.1
j  java.lang.invoke.MethodHandle.<init>(Ljava/lang/invoke/MethodType;Ljava/lang/invoke/LambdaForm;)V+33 java.base@19.0.1
j  java.lang.invoke.BoundMethodHandle.<init>(Ljava/lang/invoke/MethodType;Ljava/lang/invoke/LambdaForm;)V+3 java.base@19.0.1
j  java.lang.invoke.BoundMethodHandle$Species_L.<init>(Ljava/lang/invoke/MethodType;Ljava/lang/invoke/LambdaForm;Ljava/lang/Object;)V+3 java.base@19.0.1
j  java.lang.invoke.BoundMethodHandle$Species_L.make(Ljava/lang/invoke/MethodType;Ljava/lang/invoke/LambdaForm;Ljava/lang/Object;)Ljava/lang/invoke/BoundMethodHandle;+7 java.base@19.0.1
j  java.lang.invoke.BoundMethodHandle.bindSingle(Ljava/lang/invoke/MethodType;Ljava/lang/invoke/LambdaForm;Ljava/lang/Object;)Ljava/lang/invoke/BoundMethodHandle;+3 java.base@19.0.1
j  java.lang.invoke.SimpleMethodHandle.copyWithExtendL(Ljava/lang/invoke/MethodType;Ljava/lang/invoke/LambdaForm;Ljava/lang/Object;)Ljava/lang/invoke/BoundMethodHandle;+3 java.base@19.0.1
j  java.lang.invoke.LambdaFormEditor.bindArgumentL(Ljava/lang/invoke/BoundMethodHandle;ILjava/lang/Object;)Ljava/lang/invoke/BoundMethodHandle;+55 java.base@19.0.1
j  java.lang.invoke.BoundMethodHandle.bindArgumentL(ILjava/lang/Object;)Ljava/lang/invoke/BoundMethodHandle;+7 java.base@19.0.1
j  java.lang.invoke.MethodHandle.bindArgumentL(ILjava/lang/Object;)Ljava/lang/invoke/BoundMethodHandle;+6 java.base@19.0.1
j  java.lang.invoke.MethodHandle.bindTo(Ljava/lang/Object;)Ljava/lang/invoke/MethodHandle;+15 java.base@19.0.1
j  java.lang.invoke.MethodHandles.constant(Ljava/lang/Class;Ljava/lang/Object;)Ljava/lang/invoke/MethodHandle;+84 java.base@19.0.1
j  java.lang.invoke.InnerClassLambdaMetafactory.buildCallSite()Ljava/lang/invoke/CallSite;+103 java.base@19.0.1
j  java.lang.invoke.LambdaMetafactory.metafactory(Ljava/lang/invoke/MethodHandles$Lookup;Ljava/lang/String;Ljava/lang/invoke/MethodType;Ljava/lang/invoke/MethodType;Ljava/lang/invoke/MethodHandle;Ljava/lang/invoke/MethodType;)Ljava/lang/invoke/CallSite;+67 java.base@19.0.1
j  java.lang.invoke.DirectMethodHandle$Holder.invokeStatic(Ljava/lang/Object;Ljava/lang/Object;Ljava/lang/Object;Ljava/lang/Object;Ljava/lang/Object;Ljava/lang/Object;Ljava/lang/Object;)Ljava/lang/Object;+20 java.base@19.0.1
j  java.lang.invoke.Invokers$Holder.invokeExact_MT(Ljava/lang/Object;Ljava/lang/Object;Ljava/lang/Object;Ljava/lang/Object;Ljava/lang/Object;Ljava/lang/Object;Ljava/lang/Object;Ljava/lang/Object;)Ljava/lang/Object;+28 java.base@19.0.1
j  java.lang.invoke.BootstrapMethodInvoker.invoke(Ljava/lang/Class;Ljava/lang/invoke/MethodHandle;Ljava/lang/String;Ljava/lang/Object;Ljava/lang/Object;Ljava/lang/Class;)Ljava/lang/Object;+319 java.base@19.0.1
j  java.lang.invoke.CallSite.makeSite(Ljava/lang/invoke/MethodHandle;Ljava/lang/String;Ljava/lang/invoke/MethodType;Ljava/lang/Object;Ljava/lang/Class;)Ljava/lang/invoke/CallSite;+8 java.base@19.0.1
j  java.lang.invoke.MethodHandleNatives.linkCallSiteImpl(Ljava/lang/Class;Ljava/lang/invoke/MethodHandle;Ljava/lang/String;Ljava/lang/invoke/MethodType;Ljava/lang/Object;[Ljava/lang/Object;)Ljava/lang/invoke/MemberName;+6 java.base@19.0.1
j  java.lang.invoke.MethodHandleNatives.linkCallSite(Ljava/lang/Object;Ljava/lang/Object;Ljava/lang/Object;Ljava/lang/Object;Ljava/lang/Object;[Ljava/lang/Object;)Ljava/lang/invoke/MemberName;+45 java.base@19.0.1
v  ~StubRoutines::call_stub 0x0000012a0753100e
j  sun.security.util.ManifestDigester.<init>([B)V+350 java.base@19.0.1
j  java.util.jar.JarVerifier.processEntry(Lsun/security/util/ManifestEntryVerifier;)V+274 java.base@19.0.1
j  java.util.jar.JarVerifier.update(I[BIILsun/security/util/ManifestEntryVerifier;)V+39 java.base@19.0.1
j  java.util.jar.JarFile.initializeVerifier()V+164 java.base@19.0.1
j  java.util.jar.JarFile.ensureInitialization()V+36 java.base@19.0.1
j  java.util.jar.JavaUtilJarAccessImpl.ensureInitialization(Ljava/util/jar/JarFile;)V+1 java.base@19.0.1
j  jdk.internal.loader.URLClassPath$JarLoader$2.getManifest()Ljava/util/jar/Manifest;+10 java.base@19.0.1
j  jdk.internal.loader.BuiltinClassLoader.defineClass(Ljava/lang/String;Ljdk/internal/loader/Resource;)Ljava/lang/Class;+29 java.base@19.0.1
j  jdk.internal.loader.BuiltinClassLoader.findClassOnClassPathOrNull(Ljava/lang/String;)Ljava/lang/Class;+37 java.base@19.0.1
j  jdk.internal.loader.BuiltinClassLoader.loadClassOrNull(Ljava/lang/String;Z)Ljava/lang/Class;+111 java.base@19.0.1
j  jdk.internal.loader.BuiltinClassLoader.loadClass(Ljava/lang/String;Z)Ljava/lang/Class;+3 java.base@19.0.1
j  jdk.internal.loader.ClassLoaders$AppClassLoader.loadClass(Ljava/lang/String;Z)Ljava/lang/Class;+36 java.base@19.0.1
j  java.lang.ClassLoader.loadClass(Ljava/lang/String;)Ljava/lang/Class;+3 java.base@19.0.1
v  ~StubRoutines::call_stub 0x0000012a0753100e
j  java.lang.ClassLoader.defineClass1(Ljava/lang/ClassLoader;Ljava/lang/String;[BIILjava/security/ProtectionDomain;Ljava/lang/String;)Ljava/lang/Class;+0 java.base@19.0.1
j  java.lang.ClassLoader.defineClass(Ljava/lang/String;[BIILjava/security/ProtectionDomain;)Ljava/lang/Class;+27 java.base@19.0.1
j  java.security.SecureClassLoader.defineClass(Ljava/lang/String;[BIILjava/security/CodeSource;)Ljava/lang/Class;+12 java.base@19.0.1
j  jdk.internal.loader.BuiltinClassLoader.defineClass(Ljava/lang/String;Ljdk/internal/loader/Resource;)Ljava/lang/Class;+117 java.base@19.0.1
j  jdk.internal.loader.BuiltinClassLoader.findClassOnClassPathOrNull(Ljava/lang/String;)Ljava/lang/Class;+37 java.base@19.0.1
j  jdk.internal.loader.BuiltinClassLoader.loadClassOrNull(Ljava/lang/String;Z)Ljava/lang/Class;+111 java.base@19.0.1
j  jdk.internal.loader.BuiltinClassLoader.loadClass(Ljava/lang/String;Z)Ljava/lang/Class;+3 java.base@19.0.1
j  jdk.internal.loader.ClassLoaders$AppClassLoader.loadClass(Ljava/lang/String;Z)Ljava/lang/Class;+36 java.base@19.0.1
j  java.lang.ClassLoader.loadClass(Ljava/lang/String;)Ljava/lang/Class;+3 java.base@19.0.1
v  ~StubRoutines::call_stub 0x0000012a0753100e
j  java.lang.Class.forName0(Ljava/lang/String;ZLjava/lang/ClassLoader;Ljava/lang/Class;)Ljava/lang/Class;+0 java.base@19.0.1
j  java.lang.Class.forName(Ljava/lang/String;ZLjava/lang/ClassLoader;Ljava/lang/Class;)Ljava/lang/Class;+37 java.base@19.0.1
j  java.lang.Class.forName(Ljava/lang/String;ZLjava/lang/ClassLoader;)Ljava/lang/Class;+20 java.base@19.0.1
j  sun.launcher.LauncherHelper.loadMainClass(ILjava/lang/String;)Ljava/lang/Class;+95 java.base@19.0.1
j  sun.launcher.LauncherHelper.checkAndLoadMain(ZILjava/lang/String;)Ljava/lang/Class;+42 java.base@19.0.1
v  ~StubRoutines::call_stub 0x0000012a0753100e

---------------  P R O C E S S  ---------------

Threads class SMR info:
_java_thread_list=0x0000012a19186940, length=13, elements={
0x0000012a6a799d40, 0x0000012a7eee2800, 0x0000012a7eee3330, 0x0000012a7eee5d70,
0x0000012a7eee66a0, 0x0000012a7eee6fd0, 0x0000012a7eee7900, 0x0000012a7eeea570,
0x0000012a7ef4d440, 0x0000012a7ef4d9c0, 0x0000012a1917e110, 0x0000012a19182910,
0x0000012a193636c0
}

Java Threads: ( => current thread )
=>0x0000012a6a799d40 JavaThread "main" [_thread_in_vm, id=11444, stack(0x000000013e600000,0x000000013e700000)]
  0x0000012a7eee2800 JavaThread "Reference Handler" daemon [_thread_blocked, id=5096, stack(0x000000013ed00000,0x000000013ee00000)]
  0x0000012a7eee3330 JavaThread "Finalizer" daemon [_thread_blocked, id=10540, stack(0x000000013ee00000,0x000000013ef00000)]
  0x0000012a7eee5d70 JavaThread "Signal Dispatcher" daemon [_thread_blocked, id=13356, stack(0x000000013ef00000,0x000000013f000000)]
  0x0000012a7eee66a0 JavaThread "Attach Listener" daemon [_thread_blocked, id=16000, stack(0x000000013f000000,0x000000013f100000)]
  0x0000012a7eee6fd0 JavaThread "Service Thread" daemon [_thread_blocked, id=7852, stack(0x000000013f100000,0x000000013f200000)]
  0x0000012a7eee7900 JavaThread "Monitor Deflation Thread" daemon [_thread_blocked, id=13428, stack(0x000000013f200000,0x000000013f300000)]
  0x0000012a7eeea570 JavaThread "C2 CompilerThread0" daemon [_thread_blocked, id=13012, stack(0x000000013f300000,0x000000013f400000)]
  0x0000012a7ef4d440 JavaThread "C1 CompilerThread0" daemon [_thread_blocked, id=2236, stack(0x000000013f400000,0x000000013f500000)]
  0x0000012a7ef4d9c0 JavaThread "Sweeper thread" daemon [_thread_blocked, id=1188, stack(0x000000013f500000,0x000000013f600000)]
  0x0000012a1917e110 JavaThread "Notification Thread" daemon [_thread_blocked, id=2112, stack(0x000000013f600000,0x000000013f700000)]
  0x0000012a19182910 JavaThread "Common-Cleaner" daemon [_thread_blocked, id=11112, stack(0x000000013f800000,0x000000013f900000)]
  0x0000012a193636c0 JavaThread "C2 CompilerThread1" daemon [_thread_blocked, id=14044, stack(0x000000013f900000,0x000000013fa00000)]

Other Threads:
  0x0000012a7eec71e0 VMThread "VM Thread" [stack: 0x000000013ec00000,0x000000013ed00000] [id=6136]
  0x0000012a1917e650 WatcherThread "VM Periodic Task Thread" [stack: 0x000000013f700000,0x000000013f800000] [id=372]
  0x0000012a6a828ad0 WorkerThread "GC Thread#0" [stack: 0x000000013e700000,0x000000013e800000] [id=7944]
  0x0000012a6a8359b0 ConcurrentGCThread "G1 Main Marker" [stack: 0x000000013e800000,0x000000013e900000] [id=10360]
  0x0000012a6a8373f0 WorkerThread "G1 Conc#0" [stack: 0x000000013e900000,0x000000013ea00000] [id=13284]
  0x0000012a7ed824c0 ConcurrentGCThread "G1 Refine#0" [stack: 0x000000013ea00000,0x000000013eb00000] [id=14692]
  0x0000012a7ed83000 ConcurrentGCThread "G1 Service" [stack: 0x000000013eb00000,0x000000013ec00000] [id=13412]

Threads with active compile tasks:

VM state: not at safepoint (normal execution)

VM Mutex/Monitor currently owned by a thread:  ([mutex/lock_event])
[0x0000012a6a793080] Metaspace_lock - owner thread: 0x0000012a6a799d40

Heap address: 0x0000000681000000, size: 6128 MB, Compressed Oops mode: Zero based, Oop shift amount: 3

CDS archive(s) mapped at: [0x0000000800000000-0x0000000800c40000-0x0000000800c40000), size 12845056, SharedBaseAddress: 0x0000000800000000, ArchiveRelocationMode: 0.
Compressed class space mapped at: 0x0000000801000000-0x0000000841000000, reserved size: 1073741824
Narrow klass base: 0x0000000800000000, Narrow klass shift: 0, Narrow klass range: 0x100000000

GC Precious Log:
 CardTable entry size: 512
 Card Set container configuration: InlinePtr #cards 4 size 8 Array Of Cards #cards 32 size 80 Howl #buckets 8 coarsen threshold 7372 Howl Bitmap #cards 1024 size 144 coarsen threshold 921 Card regions per heap region 1 cards per card region 8192
 CPUs: 4 total, 4 available
 Memory: 24508M
 Large Page Support: Disabled
 NUMA Support: Disabled
 Compressed Oops: Enabled (Zero based)
 Heap Region Size: 4M
 Heap Min Capacity: 8M
 Heap Initial Capacity: 384M
 Heap Max Capacity: 6128M
 Pre-touch: Disabled
 Parallel Workers: 4
 Concurrent Workers: 1
 Concurrent Refinement Workers: 4
 Periodic GC: Disabled

Heap:
 garbage-first heap   total 393216K, used 0K [0x0000000681000000, 0x0000000800000000)
  region size 4096K, 1 young (4096K), 0 survivors (0K)
 Metaspace       used 317K, committed 448K, reserved 1114112K
  class space    used 11K, committed 64K, reserved 1048576K

Heap Regions: E=young(eden), S=young(survivor), O=old, HS=humongous(starts), HC=humongous(continues), CS=collection set, F=free, OA=open archive, CA=closed archive, TAMS=top-at-mark-start (previous, next)
|   0|0x0000000681000000, 0x0000000681000000, 0x0000000681400000|  0%| F|  |TAMS 0x0000000681000000, 0x0000000681000000| Untracked 
|   1|0x0000000681400000, 0x0000000681400000, 0x0000000681800000|  0%| F|  |TAMS 0x0000000681400000, 0x0000000681400000| Untracked 
|   2|0x0000000681800000, 0x0000000681800000, 0x0000000681c00000|  0%| F|  |TAMS 0x0000000681800000, 0x0000000681800000| Untracked 
|   3|0x0000000681c00000, 0x0000000681c00000, 0x0000000682000000|  0%| F|  |TAMS 0x0000000681c00000, 0x0000000681c00000| Untracked 
|   4|0x0000000682000000, 0x0000000682000000, 0x0000000682400000|  0%| F|  |TAMS 0x0000000682000000, 0x0000000682000000| Untracked 
|   5|0x0000000682400000, 0x0000000682400000, 0x0000000682800000|  0%| F|  |TAMS 0x0000000682400000, 0x0000000682400000| Untracked 
|   6|0x0000000682800000, 0x0000000682800000, 0x0000000682c00000|  0%| F|  |TAMS 0x0000000682800000, 0x0000000682800000| Untracked 
|   7|0x0000000682c00000, 0x0000000682c00000, 0x0000000683000000|  0%| F|  |TAMS 0x0000000682c00000, 0x0000000682c00000| Untracked 
|   8|0x0000000683000000, 0x0000000683000000, 0x0000000683400000|  0%| F|  |TAMS 0x0000000683000000, 0x0000000683000000| Untracked 
|   9|0x0000000683400000, 0x0000000683400000, 0x0000000683800000|  0%| F|  |TAMS 0x0000000683400000, 0x0000000683400000| Untracked 
|  10|0x0000000683800000, 0x0000000683800000, 0x0000000683c00000|  0%| F|  |TAMS 0x0000000683800000, 0x0000000683800000| Untracked 
|  11|0x0000000683c00000, 0x0000000683c00000, 0x0000000684000000|  0%| F|  |TAMS 0x0000000683c00000, 0x0000000683c00000| Untracked 
|  12|0x0000000684000000, 0x0000000684000000, 0x0000000684400000|  0%| F|  |TAMS 0x0000000684000000, 0x0000000684000000| Untracked 
|  13|0x0000000684400000, 0x0000000684400000, 0x0000000684800000|  0%| F|  |TAMS 0x0000000684400000, 0x0000000684400000| Untracked 
|  14|0x0000000684800000, 0x0000000684800000, 0x0000000684c00000|  0%| F|  |TAMS 0x0000000684800000, 0x0000000684800000| Untracked 
|  15|0x0000000684c00000, 0x0000000684c00000, 0x0000000685000000|  0%| F|  |TAMS 0x0000000684c00000, 0x0000000684c00000| Untracked 
|  16|0x0000000685000000, 0x0000000685000000, 0x0000000685400000|  0%| F|  |TAMS 0x0000000685000000, 0x0000000685000000| Untracked 
|  17|0x0000000685400000, 0x0000000685400000, 0x0000000685800000|  0%| F|  |TAMS 0x0000000685400000, 0x0000000685400000| Untracked 
|  18|0x0000000685800000, 0x0000000685800000, 0x0000000685c00000|  0%| F|  |TAMS 0x0000000685800000, 0x0000000685800000| Untracked 
|  19|0x0000000685c00000, 0x0000000685c00000, 0x0000000686000000|  0%| F|  |TAMS 0x0000000685c00000, 0x0000000685c00000| Untracked 
|  20|0x0000000686000000, 0x0000000686000000, 0x0000000686400000|  0%| F|  |TAMS 0x0000000686000000, 0x0000000686000000| Untracked 
|  21|0x0000000686400000, 0x0000000686400000, 0x0000000686800000|  0%| F|  |TAMS 0x0000000686400000, 0x0000000686400000| Untracked 
|  22|0x0000000686800000, 0x0000000686800000, 0x0000000686c00000|  0%| F|  |TAMS 0x0000000686800000, 0x0000000686800000| Untracked 
|  23|0x0000000686c00000, 0x0000000686c00000, 0x0000000687000000|  0%| F|  |TAMS 0x0000000686c00000, 0x0000000686c00000| Untracked 
|  24|0x0000000687000000, 0x0000000687000000, 0x0000000687400000|  0%| F|  |TAMS 0x0000000687000000, 0x0000000687000000| Untracked 
|  25|0x0000000687400000, 0x0000000687400000, 0x0000000687800000|  0%| F|  |TAMS 0x0000000687400000, 0x0000000687400000| Untracked 
|  26|0x0000000687800000, 0x0000000687800000, 0x0000000687c00000|  0%| F|  |TAMS 0x0000000687800000, 0x0000000687800000| Untracked 
|  27|0x0000000687c00000, 0x0000000687c00000, 0x0000000688000000|  0%| F|  |TAMS 0x0000000687c00000, 0x0000000687c00000| Untracked 
|  28|0x0000000688000000, 0x0000000688000000, 0x0000000688400000|  0%| F|  |TAMS 0x0000000688000000, 0x0000000688000000| Untracked 
|  29|0x0000000688400000, 0x0000000688400000, 0x0000000688800000|  0%| F|  |TAMS 0x0000000688400000, 0x0000000688400000| Untracked 
|  30|0x0000000688800000, 0x0000000688800000, 0x0000000688c00000|  0%| F|  |TAMS 0x0000000688800000, 0x0000000688800000| Untracked 
|  31|0x0000000688c00000, 0x0000000688c00000, 0x0000000689000000|  0%| F|  |TAMS 0x0000000688c00000, 0x0000000688c00000| Untracked 
|  32|0x0000000689000000, 0x0000000689000000, 0x0000000689400000|  0%| F|  |TAMS 0x0000000689000000, 0x0000000689000000| Untracked 
|  33|0x0000000689400000, 0x0000000689400000, 0x0000000689800000|  0%| F|  |TAMS 0x0000000689400000, 0x0000000689400000| Untracked 
|  34|0x0000000689800000, 0x0000000689800000, 0x0000000689c00000|  0%| F|  |TAMS 0x0000000689800000, 0x0000000689800000| Untracked 
|  35|0x0000000689c00000, 0x0000000689c00000, 0x000000068a000000|  0%| F|  |TAMS 0x0000000689c00000, 0x0000000689c00000| Untracked 
|  36|0x000000068a000000, 0x000000068a000000, 0x000000068a400000|  0%| F|  |TAMS 0x000000068a000000, 0x000000068a000000| Untracked 
|  37|0x000000068a400000, 0x000000068a400000, 0x000000068a800000|  0%| F|  |TAMS 0x000000068a400000, 0x000000068a400000| Untracked 
|  38|0x000000068a800000, 0x000000068a800000, 0x000000068ac00000|  0%| F|  |TAMS 0x000000068a800000, 0x000000068a800000| Untracked 
|  39|0x000000068ac00000, 0x000000068ac00000, 0x000000068b000000|  0%| F|  |TAMS 0x000000068ac00000, 0x000000068ac00000| Untracked 
|  40|0x000000068b000000, 0x000000068b000000, 0x000000068b400000|  0%| F|  |TAMS 0x000000068b000000, 0x000000068b000000| Untracked 
|  41|0x000000068b400000, 0x000000068b400000, 0x000000068b800000|  0%| F|  |TAMS 0x000000068b400000, 0x000000068b400000| Untracked 
|  42|0x000000068b800000, 0x000000068b800000, 0x000000068bc00000|  0%| F|  |TAMS 0x000000068b800000, 0x000000068b800000| Untracked 
|  43|0x000000068bc00000, 0x000000068bc00000, 0x000000068c000000|  0%| F|  |TAMS 0x000000068bc00000, 0x000000068bc00000| Untracked 
|  44|0x000000068c000000, 0x000000068c000000, 0x000000068c400000|  0%| F|  |TAMS 0x000000068c000000, 0x000000068c000000| Untracked 
|  45|0x000000068c400000, 0x000000068c400000, 0x000000068c800000|  0%| F|  |TAMS 0x000000068c400000, 0x000000068c400000| Untracked 
|  46|0x000000068c800000, 0x000000068c800000, 0x000000068cc00000|  0%| F|  |TAMS 0x000000068c800000, 0x000000068c800000| Untracked 
|  47|0x000000068cc00000, 0x000000068cc00000, 0x000000068d000000|  0%| F|  |TAMS 0x000000068cc00000, 0x000000068cc00000| Untracked 
|  48|0x000000068d000000, 0x000000068d000000, 0x000000068d400000|  0%| F|  |TAMS 0x000000068d000000, 0x000000068d000000| Untracked 
|  49|0x000000068d400000, 0x000000068d400000, 0x000000068d800000|  0%| F|  |TAMS 0x000000068d400000, 0x000000068d400000| Untracked 
|  50|0x000000068d800000, 0x000000068d800000, 0x000000068dc00000|  0%| F|  |TAMS 0x000000068d800000, 0x000000068d800000| Untracked 
|  51|0x000000068dc00000, 0x000000068dc00000, 0x000000068e000000|  0%| F|  |TAMS 0x000000068dc00000, 0x000000068dc00000| Untracked 
|  52|0x000000068e000000, 0x000000068e000000, 0x000000068e400000|  0%| F|  |TAMS 0x000000068e000000, 0x000000068e000000| Untracked 
|  53|0x000000068e400000, 0x000000068e400000, 0x000000068e800000|  0%| F|  |TAMS 0x000000068e400000, 0x000000068e400000| Untracked 
|  54|0x000000068e800000, 0x000000068e800000, 0x000000068ec00000|  0%| F|  |TAMS 0x000000068e800000, 0x000000068e800000| Untracked 
|  55|0x000000068ec00000, 0x000000068ec00000, 0x000000068f000000|  0%| F|  |TAMS 0x000000068ec00000, 0x000000068ec00000| Untracked 
|  56|0x000000068f000000, 0x000000068f000000, 0x000000068f400000|  0%| F|  |TAMS 0x000000068f000000, 0x000000068f000000| Untracked 
|  57|0x000000068f400000, 0x000000068f400000, 0x000000068f800000|  0%| F|  |TAMS 0x000000068f400000, 0x000000068f400000| Untracked 
|  58|0x000000068f800000, 0x000000068f800000, 0x000000068fc00000|  0%| F|  |TAMS 0x000000068f800000, 0x000000068f800000| Untracked 
|  59|0x000000068fc00000, 0x000000068fc00000, 0x0000000690000000|  0%| F|  |TAMS 0x000000068fc00000, 0x000000068fc00000| Untracked 
|  60|0x0000000690000000, 0x0000000690000000, 0x0000000690400000|  0%| F|  |TAMS 0x0000000690000000, 0x0000000690000000| Untracked 
|  61|0x0000000690400000, 0x0000000690400000, 0x0000000690800000|  0%| F|  |TAMS 0x0000000690400000, 0x0000000690400000| Untracked 
|  62|0x0000000690800000, 0x0000000690800000, 0x0000000690c00000|  0%| F|  |TAMS 0x0000000690800000, 0x0000000690800000| Untracked 
|  63|0x0000000690c00000, 0x0000000690c00000, 0x0000000691000000|  0%| F|  |TAMS 0x0000000690c00000, 0x0000000690c00000| Untracked 
|  64|0x0000000691000000, 0x0000000691000000, 0x0000000691400000|  0%| F|  |TAMS 0x0000000691000000, 0x0000000691000000| Untracked 
|  65|0x0000000691400000, 0x0000000691400000, 0x0000000691800000|  0%| F|  |TAMS 0x0000000691400000, 0x0000000691400000| Untracked 
|  66|0x0000000691800000, 0x0000000691800000, 0x0000000691c00000|  0%| F|  |TAMS 0x0000000691800000, 0x0000000691800000| Untracked 
|  67|0x0000000691c00000, 0x0000000691c00000, 0x0000000692000000|  0%| F|  |TAMS 0x0000000691c00000, 0x0000000691c00000| Untracked 
|  68|0x0000000692000000, 0x0000000692000000, 0x0000000692400000|  0%| F|  |TAMS 0x0000000692000000, 0x0000000692000000| Untracked 
|  69|0x0000000692400000, 0x0000000692400000, 0x0000000692800000|  0%| F|  |TAMS 0x0000000692400000, 0x0000000692400000| Untracked 
|  70|0x0000000692800000, 0x0000000692800000, 0x0000000692c00000|  0%| F|  |TAMS 0x0000000692800000, 0x0000000692800000| Untracked 
|  71|0x0000000692c00000, 0x0000000692c00000, 0x0000000693000000|  0%| F|  |TAMS 0x0000000692c00000, 0x0000000692c00000| Untracked 
|  72|0x0000000693000000, 0x0000000693000000, 0x0000000693400000|  0%| F|  |TAMS 0x0000000693000000, 0x0000000693000000| Untracked 
|  73|0x0000000693400000, 0x0000000693400000, 0x0000000693800000|  0%| F|  |TAMS 0x0000000693400000, 0x0000000693400000| Untracked 
|  74|0x0000000693800000, 0x0000000693800000, 0x0000000693c00000|  0%| F|  |TAMS 0x0000000693800000, 0x0000000693800000| Untracked 
|  75|0x0000000693c00000, 0x0000000693c00000, 0x0000000694000000|  0%| F|  |TAMS 0x0000000693c00000, 0x0000000693c00000| Untracked 
|  76|0x0000000694000000, 0x0000000694000000, 0x0000000694400000|  0%| F|  |TAMS 0x0000000694000000, 0x0000000694000000| Untracked 
|  77|0x0000000694400000, 0x0000000694400000, 0x0000000694800000|  0%| F|  |TAMS 0x0000000694400000, 0x0000000694400000| Untracked 
|  78|0x0000000694800000, 0x0000000694800000, 0x0000000694c00000|  0%| F|  |TAMS 0x0000000694800000, 0x0000000694800000| Untracked 
|  79|0x0000000694c00000, 0x0000000694c00000, 0x0000000695000000|  0%| F|  |TAMS 0x0000000694c00000, 0x0000000694c00000| Untracked 
|  80|0x0000000695000000, 0x0000000695000000, 0x0000000695400000|  0%| F|  |TAMS 0x0000000695000000, 0x0000000695000000| Untracked 
|  81|0x0000000695400000, 0x0000000695400000, 0x0000000695800000|  0%| F|  |TAMS 0x0000000695400000, 0x0000000695400000| Untracked 
|  82|0x0000000695800000, 0x0000000695800000, 0x0000000695c00000|  0%| F|  |TAMS 0x0000000695800000, 0x0000000695800000| Untracked 
|  83|0x0000000695c00000, 0x0000000695c00000, 0x0000000696000000|  0%| F|  |TAMS 0x0000000695c00000, 0x0000000695c00000| Untracked 
|  84|0x0000000696000000, 0x0000000696000000, 0x0000000696400000|  0%| F|  |TAMS 0x0000000696000000, 0x0000000696000000| Untracked 
|  85|0x0000000696400000, 0x0000000696400000, 0x0000000696800000|  0%| F|  |TAMS 0x0000000696400000, 0x0000000696400000| Untracked 
|  86|0x0000000696800000, 0x0000000696800000, 0x0000000696c00000|  0%| F|  |TAMS 0x0000000696800000, 0x0000000696800000| Untracked 
|  87|0x0000000696c00000, 0x0000000696c00000, 0x0000000697000000|  0%| F|  |TAMS 0x0000000696c00000, 0x0000000696c00000| Untracked 
|  88|0x0000000697000000, 0x0000000697000000, 0x0000000697400000|  0%| F|  |TAMS 0x0000000697000000, 0x0000000697000000| Untracked 
|  89|0x0000000697400000, 0x0000000697400000, 0x0000000697800000|  0%| F|  |TAMS 0x0000000697400000, 0x0000000697400000| Untracked 
|  90|0x0000000697800000, 0x0000000697800000, 0x0000000697c00000|  0%| F|  |TAMS 0x0000000697800000, 0x0000000697800000| Untracked 
|  91|0x0000000697c00000, 0x0000000697c00000, 0x0000000698000000|  0%| F|  |TAMS 0x0000000697c00000, 0x0000000697c00000| Untracked 
|  92|0x0000000698000000, 0x0000000698000000, 0x0000000698400000|  0%| F|  |TAMS 0x0000000698000000, 0x0000000698000000| Untracked 
|  93|0x0000000698400000, 0x0000000698400000, 0x0000000698800000|  0%| F|  |TAMS 0x0000000698400000, 0x0000000698400000| Untracked 
|  94|0x0000000698800000, 0x0000000698800000, 0x0000000698c00000|  0%| F|  |TAMS 0x0000000698800000, 0x0000000698800000| Untracked 
|  95|0x0000000698c00000, 0x0000000698f73178, 0x0000000699000000| 86%| E|  |TAMS 0x0000000698c00000, 0x0000000698c00000| Complete 

Card table byte_map: [0x0000012a75150000,0x0000012a75d50000] _byte_map_base: 0x0000012a71d48000

Marking Bits (Prev, Next): (CMBitMap*) 0x0000012a6a829100, (CMBitMap*) 0x0000012a6a829140
 Prev Bits: [0x0000012a76950000, 0x0000012a7c910000)
 Next Bits: [0x0000012a0f000000, 0x0000012a14fc0000)

Polling page: 0x0000012a6a580000

Metaspace:

Usage:
  Non-class:    305.40 KB used.
      Class:     11.82 KB used.
       Both:    317.22 KB used.

Virtual space:
  Non-class space:       64.00 MB reserved,     384.00 KB ( <1%) committed,  1 nodes.
      Class space:        1.00 GB reserved,      64.00 KB ( <1%) committed,  1 nodes.
             Both:        1.06 GB reserved,     448.00 KB ( <1%) committed. 

Chunk freelists:
   Non-Class:  3.99 MB
       Class:  3.75 MB
        Both:  7.74 MB

MaxMetaspaceSize: unlimited
CompressedClassSpaceSize: 1.00 GB
Initial GC threshold: 21.00 MB
Current GC threshold: 21.00 MB
CDS: on
MetaspaceReclaimPolicy: balanced
 - commit_granule_bytes: 65536.
 - commit_granule_words: 8192.
 - virtual_space_node_default_size: 8388608.
 - enlarge_chunks_in_place: 1.
 - new_chunks_are_fully_committed: 0.
 - uncommit_free_chunks: 1.
 - use_allocation_guard: 0.


Internal statistics:

num_allocs_failed_limit: 0.
num_arena_births: 6.
num_arena_deaths: 0.
num_vsnodes_births: 2.
num_vsnodes_deaths: 0.
num_space_committed: 7.
num_space_uncommitted: 0.
num_chunks_returned_to_freelist: 0.
num_chunks_taken_from_freelist: 5.
num_chunk_merges: 0.
num_chunk_splits: 3.
num_chunks_enlarged: 1.
num_inconsistent_stats: 0.

CodeHeap 'non-profiled nmethods': size=120000Kb used=36Kb max_used=36Kb free=119963Kb
 bounds [0x0000012a07ad0000, 0x0000012a07d40000, 0x0000012a0f000000]
CodeHeap 'profiled nmethods': size=120000Kb used=174Kb max_used=174Kb free=119825Kb
 bounds [0x0000012a00000000, 0x0000012a00270000, 0x0000012a07530000]
CodeHeap 'non-nmethods': size=5760Kb used=1189Kb max_used=1189Kb free=4570Kb
 bounds [0x0000012a07530000, 0x0000012a077a0000, 0x0000012a07ad0000]
 total_blobs=509 nmethods=124 adapters=296
 compilation: enabled
              stopped_count=0, restarted_count=0
 full_count=0

Compilation events (20 events):
Event: 0.774 Thread 0x0000012a7eeea570   97       4       java.util.HashMap::afterNodeInsertion (1 bytes)
Event: 0.774 Thread 0x0000012a7eeea570 nmethod 97 0x0000012a07ad6290 code [0x0000012a07ad6400, 0x0000012a07ad6478]
Event: 0.774 Thread 0x0000012a7eeea570   90       4       java.lang.String::hashCode (60 bytes)
Event: 0.778 Thread 0x0000012a7eeea570 nmethod 90 0x0000012a07ad6590 code [0x0000012a07ad6720, 0x0000012a07ad6938]
Event: 0.778 Thread 0x0000012a7eeea570  106       4       java.lang.StringLatin1::hashCode (42 bytes)
Event: 0.781 Thread 0x0000012a7eeea570 nmethod 106 0x0000012a07ad6a90 code [0x0000012a07ad6c20, 0x0000012a07ad6d98]
Event: 0.808 Thread 0x0000012a7ef4d440  110       3       java.util.Objects::equals (23 bytes)
Event: 0.809 Thread 0x0000012a7ef4d440 nmethod 110 0x0000012a0002a310 code [0x0000012a0002a4c0, 0x0000012a0002a748]
Event: 0.809 Thread 0x0000012a7ef4d440  112       3       java.util.concurrent.ConcurrentHashMap::spread (10 bytes)
Event: 0.809 Thread 0x0000012a7ef4d440 nmethod 112 0x0000012a0002a810 code [0x0000012a0002a9a0, 0x0000012a0002aa98]
Event: 0.809 Thread 0x0000012a7ef4d440  114       1       java.lang.Enum::ordinal (5 bytes)
Event: 0.810 Thread 0x0000012a7ef4d440 nmethod 114 0x0000012a07ad7a90 code [0x0000012a07ad7c20, 0x0000012a07ad7cd8]
Event: 0.811 Thread 0x0000012a7ef4d440  115       3       java.lang.String::getBytes (44 bytes)
Event: 0.811 Thread 0x0000012a7ef4d440 nmethod 115 0x0000012a0002ab10 code [0x0000012a0002ace0, 0x0000012a0002aff8]
Event: 0.814 Thread 0x0000012a7ef4d440  117       3       java.util.concurrent.ConcurrentHashMap::putIfAbsent (8 bytes)
Event: 0.814 Thread 0x0000012a7ef4d440 nmethod 117 0x0000012a0002b110 code [0x0000012a0002b2c0, 0x0000012a0002b408]
Event: 0.815 Thread 0x0000012a7ef4d440  121       3       java.lang.String::<init> (15 bytes)
Event: 0.815 Thread 0x0000012a7ef4d440 nmethod 121 0x0000012a0002b490 code [0x0000012a0002b640, 0x0000012a0002b818]
Event: 0.816 Thread 0x0000012a7ef4d440  124       1       java.lang.invoke.MethodType::returnType (5 bytes)
Event: 0.816 Thread 0x0000012a7ef4d440 nmethod 124 0x0000012a07ad9090 code [0x0000012a07ad9220, 0x0000012a07ad92f8]

GC Heap History (0 events):
No events

Dll operation events (5 events):
Event: 0.213 Loaded shared library C:\Program Files\Java\jdk-19\bin\java.dll
Event: 0.244 Loaded shared library C:\Program Files\Java\jdk-19\bin\jsvml.dll
Event: 0.724 Loaded shared library C:\Program Files\Java\jdk-19\bin\net.dll
Event: 0.728 Loaded shared library C:\Program Files\Java\jdk-19\bin\nio.dll
Event: 0.732 Loaded shared library C:\Program Files\Java\jdk-19\bin\zip.dll

Deoptimization events (2 events):
Event: 0.760 Thread 0x0000012a6a799d40 DEOPT PACKING pc=0x0000012a00000282 sp=0x000000013e6fc870
Event: 0.760 Thread 0x0000012a6a799d40 DEOPT UNPACKING pc=0x0000012a07597543 sp=0x000000013e6fbce8 mode 0

Classes loaded (20 events):
Event: 0.737 Loading class java/util/StringTokenizer
Event: 0.738 Loading class java/util/StringTokenizer done
Event: 0.739 Loading class java/util/jar/JarFile$ThreadTrackHolder
Event: 0.739 Loading class java/util/jar/JarFile$ThreadTrackHolder done
Event: 0.739 Loading class jdk/internal/misc/ThreadTracker
Event: 0.739 Loading class jdk/internal/misc/ThreadTracker done
Event: 0.739 Loading class jdk/internal/misc/ThreadTracker$ThreadRef
Event: 0.739 Loading class jdk/internal/misc/ThreadTracker$ThreadRef done
Event: 0.739 Loading class sun/security/util/ManifestEntryVerifier
Event: 0.739 Loading class sun/security/util/ManifestEntryVerifier done
Event: 0.761 Loading class sun/security/util/SignatureFileVerifier
Event: 0.761 Loading class sun/security/util/SignatureFileVerifier done
Event: 0.801 Loading class sun/security/util/ManifestDigester
Event: 0.801 Loading class sun/security/util/ManifestDigester done
Event: 0.801 Loading class sun/security/util/ManifestDigester$Position
Event: 0.801 Loading class sun/security/util/ManifestDigester$Position done
Event: 0.801 Loading class sun/security/util/ManifestDigester$Entry
Event: 0.801 Loading class sun/security/util/ManifestDigester$Entry done
Event: 0.801 Loading class sun/security/util/ManifestDigester$Section
Event: 0.801 Loading class sun/security/util/ManifestDigester$Section done

Classes unloaded (0 events):
No events

Classes redefined (0 events):
No events

Internal exceptions (0 events):
No events

VM Operations (0 events):
No events

Events (13 events):
Event: 0.245 Thread 0x0000012a6a799d40 Thread added: 0x0000012a6a799d40
Event: 0.300 Thread 0x0000012a7eee2800 Thread added: 0x0000012a7eee2800
Event: 0.300 Thread 0x0000012a7eee3330 Thread added: 0x0000012a7eee3330
Event: 0.300 Thread 0x0000012a7eee5d70 Thread added: 0x0000012a7eee5d70
Event: 0.301 Thread 0x0000012a7eee66a0 Thread added: 0x0000012a7eee66a0
Event: 0.301 Thread 0x0000012a7eee6fd0 Thread added: 0x0000012a7eee6fd0
Event: 0.301 Thread 0x0000012a7eee7900 Thread added: 0x0000012a7eee7900
Event: 0.301 Thread 0x0000012a7eeea570 Thread added: 0x0000012a7eeea570
Event: 0.370 Thread 0x0000012a7ef4d440 Thread added: 0x0000012a7ef4d440
Event: 0.453 Thread 0x0000012a7ef4d9c0 Thread added: 0x0000012a7ef4d9c0
Event: 0.573 Thread 0x0000012a1917e110 Thread added: 0x0000012a1917e110
Event: 0.575 Thread 0x0000012a19182910 Thread added: 0x0000012a19182910
Event: 0.762 Thread 0x0000012a193636c0 Thread added: 0x0000012a193636c0


Dynamic libraries:
0x00007ff6d8f10000 - 0x00007ff6d8f20000 	C:\Program Files\Java\jdk-19\bin\java.exe
0x00007ff841870000 - 0x00007ff841a68000 	C:\Windows\SYSTEM32\ntdll.dll
0x00007ff840680000 - 0x00007ff84073f000 	C:\Windows\System32\KERNEL32.DLL
0x00007ff83f130000 - 0x00007ff83f402000 	C:\Windows\System32\KERNELBASE.dll
0x00007ff83ef60000 - 0x00007ff83f060000 	C:\Windows\System32\ucrtbase.dll
0x00007ff818800000 - 0x00007ff81881b000 	C:\Program Files\Java\jdk-19\bin\VCRUNTIME140.dll
0x00007ff81ccd0000 - 0x00007ff81cce8000 	C:\Program Files\Java\jdk-19\bin\jli.dll
0x00007ff841090000 - 0x00007ff84113e000 	C:\Windows\System32\ADVAPI32.dll
0x00007ff8415f0000 - 0x00007ff84168e000 	C:\Windows\System32\msvcrt.dll
0x00007ff840160000 - 0x00007ff8401fc000 	C:\Windows\System32\sechost.dll
0x00007ff8411b0000 - 0x00007ff8412d5000 	C:\Windows\System32\RPCRT4.dll
0x00007ff841300000 - 0x00007ff8414a1000 	C:\Windows\System32\USER32.dll
0x00007ff83f410000 - 0x00007ff83f432000 	C:\Windows\System32\win32u.dll
0x00007ff841530000 - 0x00007ff84155b000 	C:\Windows\System32\GDI32.dll
0x00007ff83f7a0000 - 0x00007ff83f8af000 	C:\Windows\System32\gdi32full.dll
0x00007ff83f090000 - 0x00007ff83f12d000 	C:\Windows\System32\msvcp_win.dll
0x00007ff83e360000 - 0x00007ff83e5fa000 	C:\Windows\WinSxS\amd64_microsoft.windows.common-controls_6595b64144ccf1df_6.0.19041.1110_none_60b5254171f9507e\COMCTL32.dll
0x00007ff8383c0000 - 0x00007ff8383ca000 	C:\Windows\SYSTEM32\VERSION.dll
0x00007ff840be0000 - 0x00007ff840c12000 	C:\Windows\System32\IMM32.DLL
0x00007ff826650000 - 0x00007ff82665c000 	C:\Program Files\Java\jdk-19\bin\vcruntime140_1.dll
0x00007fffc5b80000 - 0x00007fffc5c0e000 	C:\Program Files\Java\jdk-19\bin\msvcp140.dll
0x00007fffc4ec0000 - 0x00007fffc5b80000 	C:\Program Files\Java\jdk-19\bin\server\jvm.dll
0x00007ff81cdf0000 - 0x00007ff81cdf9000 	C:\Windows\SYSTEM32\WSOCK32.dll
0x00007ff83f8b0000 - 0x00007ff83f91b000 	C:\Windows\System32\WS2_32.dll
0x00007ff8349c0000 - 0x00007ff8349e7000 	C:\Windows\SYSTEM32\WINMM.dll
0x00007ff83c7d0000 - 0x00007ff83c7e2000 	C:\Windows\SYSTEM32\kernel.appcore.dll
0x00007ff818ac0000 - 0x00007ff818aca000 	C:\Program Files\Java\jdk-19\bin\jimage.dll
0x00007ff83e990000 - 0x00007ff83eb74000 	C:\Windows\SYSTEM32\DBGHELP.DLL
0x00007ff83e730000 - 0x00007ff83e765000 	C:\Windows\SYSTEM32\dbgcore.DLL
0x00007ff83f650000 - 0x00007ff83f6d2000 	C:\Windows\System32\bcryptPrimitives.dll
0x00007ffff68b0000 - 0x00007ffff68d6000 	C:\Program Files\Java\jdk-19\bin\java.dll
0x00007fffc5ce0000 - 0x00007fffc5db7000 	C:\Program Files\Java\jdk-19\bin\jsvml.dll
0x00007ff83f930000 - 0x00007ff840075000 	C:\Windows\System32\SHELL32.dll
0x00007ff83c9d0000 - 0x00007ff83d162000 	C:\Windows\SYSTEM32\windows.storage.dll
0x00007ff840320000 - 0x00007ff840675000 	C:\Windows\System32\combase.dll
0x00007ff83e2c0000 - 0x00007ff83e2f0000 	C:\Windows\SYSTEM32\Wldp.dll
0x00007ff840740000 - 0x00007ff8407ed000 	C:\Windows\System32\SHCORE.dll
0x00007ff841140000 - 0x00007ff841195000 	C:\Windows\System32\shlwapi.dll
0x00007ff83eea0000 - 0x00007ff83eebf000 	C:\Windows\SYSTEM32\profapi.dll
0x00007ffff64b0000 - 0x00007ffff64c3000 	C:\Program Files\Java\jdk-19\bin\net.dll
0x00007ff836f20000 - 0x00007ff83702c000 	C:\Windows\SYSTEM32\WINHTTP.dll
0x00007ff83e190000 - 0x00007ff83e1fa000 	C:\Windows\system32\mswsock.dll
0x00007ffff4950000 - 0x00007ffff4966000 	C:\Program Files\Java\jdk-19\bin\nio.dll
0x00007ffff3170000 - 0x00007ffff3188000 	C:\Program Files\Java\jdk-19\bin\zip.dll

dbghelp: loaded successfully - version: 4.0.5 - missing functions: none
symbol engine: initialized successfully - sym options: 0x614 - pdb path: .;C:\Program Files\Java\jdk-19\bin;C:\Windows\SYSTEM32;C:\Windows\WinSxS\amd64_microsoft.windows.common-controls_6595b64144ccf1df_6.0.19041.1110_none_60b5254171f9507e;C:\Program Files\Java\jdk-19\bin\server

VM Arguments:
jvm_args: -Dfile.encoding=utf8 
java_command: c:\Users\Raul\.vscode\extensions\vscjava.vscode-gradle-3.12.6\lib\gradle-language-server.jar
java_class_path (initial): c:\Users\Raul\.vscode\extensions\vscjava.vscode-gradle-3.12.6\lib\gradle-language-server.jar
Launcher Type: SUN_STANDARD

[Global flags]
     intx CICompilerCount                          = 3                                         {product} {ergonomic}
     uint ConcGCThreads                            = 1                                         {product} {ergonomic}
     uint G1ConcRefinementThreads                  = 4                                         {product} {ergonomic}
   size_t G1HeapRegionSize                         = 4194304                                   {product} {ergonomic}
    uintx GCDrainStackTargetSize                   = 64                                        {product} {ergonomic}
   size_t InitialHeapSize                          = 402653184                                 {product} {ergonomic}
   size_t MarkStackSize                            = 4194304                                   {product} {ergonomic}
   size_t MaxHeapSize                              = 6425673728                                {product} {ergonomic}
   size_t MaxNewSize                               = 3854565376                                {product} {ergonomic}
   size_t MinHeapDeltaBytes                        = 4194304                                   {product} {ergonomic}
   size_t MinHeapSize                              = 8388608                                   {product} {ergonomic}
    uintx NonNMethodCodeHeapSize                   = 5832780                                {pd product} {ergonomic}
    uintx NonProfiledCodeHeapSize                  = 122912730                              {pd product} {ergonomic}
    uintx ProfiledCodeHeapSize                     = 122912730                              {pd product} {ergonomic}
    uintx ReservedCodeCacheSize                    = 251658240                              {pd product} {ergonomic}
     bool SegmentedCodeCache                       = true                                      {product} {ergonomic}
   size_t SoftMaxHeapSize                          = 6425673728                             {manageable} {ergonomic}
     bool UseCompressedClassPointers               = true                           {product lp64_product} {ergonomic}
     bool UseCompressedOops                        = true                           {product lp64_product} {ergonomic}
     bool UseG1GC                                  = true                                      {product} {ergonomic}
     bool UseLargePagesIndividualAllocation        = false                                  {pd product} {ergonomic}

Logging:
Log output configuration:
 #0: stdout all=warning uptime,level,tags foldmultilines=false
 #1: stderr all=off uptime,level,tags foldmultilines=false

Environment Variables:
PATH=C:\Program Files\Common Files\Oracle\Java\javapath;C:\Program Files (x86)\Common Files\Oracle\Java\javapath;C:\Python310\Scripts\;C:\Python310\;C:\Program Files (x86)\Common Files\Intel\Shared Libraries\redist\intel64_win\compiler;C:\Windows\system32;C:\Windows;C:\Windows\System32\Wbem;C:\Windows\System32\WindowsPowerShell\v1.0\;C:\Windows\System32\OpenSSH\;C:\Program Files\Git\cmd;C:\Program Files (x86)\ATI Technologies\ATI.ACE\Core-Static;C:\Program Files (x86)\AMD\ATI.ACE\Core-Static;C:\ProgramData\chocolatey\bin;C:\Program Files\dotnet\;c:\src\flutter\bin;C:\Users\Raul\AppData\Roaming\nvm;C:\Program Files\nodejs;C:\Program Files\MySQL\MySQL Server 8.0\bin;C:\Program Files\nodejs\;C:\Users\Raul\AppData\Local\Microsoft\WindowsApps;C:\Users\Raul\AppData\Local\Programs\Microsoft VS Code\bin;C:\Users\Raul\AppData\Roaming\npm;F:\Android\Sdk\platform-tools
USERNAME=Raul
OS=Windows_NT
PROCESSOR_IDENTIFIER=Intel64 Family 6 Model 60 Stepping 3, GenuineIntel
TMP=C:\Users\Raul\AppData\Local\Temp
TEMP=C:\Users\Raul\AppData\Local\Temp



---------------  S Y S T E M  ---------------

OS:
 Windows 10 , 64 bit Build 19041 (10.0.19041.2546)
OS uptime: 10 days 0:43 hours

CPU: total 4 (initial active 4) (4 cores per cpu, 2 threads per core) family 6 model 60 stepping 3 microcode 0x27, cx8, cmov, fxsr, ht, mmx, sse, sse2, sse3, ssse3, sse4.1, sse4.2, popcnt, lzcnt, tsc, tscinvbit, avx, avx2, aes, erms, clmul, bmi1, bmi2, fma, vzeroupper, clflush, rdtscp

Memory: 4k page, system-wide physical 24508M (12601M free)
TotalPageFile size 26556M (AvailPageFile size 4M)
current process WorkingSet (physical memory assigned to process): 33M, peak: 33M
current process commit charge ("private bytes"): 469M, peak: 469M

vm_info: Java HotSpot(TM) 64-Bit Server VM (19.0.1+10-21) for windows-amd64 JRE (19.0.1+10-21), built on 2022-09-14T12:45:06Z by "mach5one" with MS VC++ 17.1 (VS2022)

END.
